<?xml version="1.0" encoding="UTF-8"?>
<!-- Generated by org.testng.reporters.JUnitReportReporter -->
<testsuite hostname="EC2AMAZ-S11DBRH" failures="0" tests="1" name="selenium.TestNGSample" time="0.023" errors="0" timestamp="2024-03-13T05:52:47 GMT" skipped="0">
  <testcase classname="selenium.TestNGSample" name="testcase" time="0.023"/>
</testsuite> <!-- selenium.TestNGSample -->
